<?xml version="1.0" encoding="UTF-8"?>
<!-- Generated by org.testng.reporters.JUnitReportReporter -->
<testsuite hostname="SSCPLUSL043" failures="0" tests="2" name="com.qa.houpermitproject.tests.ElectricalLicenseTest" time="66.488" errors="0" timestamp="2023-06-29T11:40:32 CDT" skipped="0">
  <testcase classname="com.qa.houpermitproject.tests.ElectricalLicenseTest" name="electricalPermitTest" time="32.312">
    <system-out>
      <![CDATA[Confirmation Number: ELEC1265]]>
    </system-out>
  </testcase> <!-- electricalPermitTest -->
  <testcase classname="com.qa.houpermitproject.tests.ElectricalLicenseTest" name="electricalPermitTest" time="34.176">
    <system-out>
      <![CDATA[Confirmation Number: ELEC1264]]>
    </system-out>
  </testcase> <!-- electricalPermitTest -->
  <system-out>
    <![CDATA[User Name:m.nath@sierradigitalinc.comand Password :Sierra@2023
<a href='C:\Users\m.nath@sierradigitalinc.com\eclipse-workspace\HouPerPro\target\surefire-reports\failure_screenshots\verifyLoginToHouPerSiteTest_29_06_2023_11_39_21.png'> <img src='C:\Users\m.nath@sierradigitalinc.com\eclipse-workspace\HouPerPro\target\surefire-reports\failure_screenshots\verifyLoginToHouPerSiteTest_29_06_2023_11_39_21.png' height='100' width='100'/> </a>
Confirmation Number: ELEC1264
Confirmation Number: ELEC1265]]>
  </system-out>
</testsuite> <!-- com.qa.houpermitproject.tests.ElectricalLicenseTest -->
