<?xml version="1.0" encoding="UTF-8"?>
<!-- Generated by org.testng.reporters.JUnitReportReporter -->
<testsuite hostname="SSCPLUSL043" failures="0" tests="1" name="com.qa.houpermitproject.tests.LoginPage_HouPerTest" time="15.524" errors="0" timestamp="2023-06-30T14:17:08 CDT" skipped="0">
  <testcase classname="com.qa.houpermitproject.tests.LoginPage_HouPerTest" name="verifyLoginToHouPerSiteTest" time="15.524">
    <system-out>
      <![CDATA[User Name:m.nath@sierradigitalinc.comand Password :Sierra@2023]]>
    </system-out>
  </testcase> <!-- verifyLoginToHouPerSiteTest -->
  <system-out>
    <![CDATA[User Name:m.nath@sierradigitalinc.comand Password :Sierra@2023]]>
  </system-out>
</testsuite> <!-- com.qa.houpermitproject.tests.LoginPage_HouPerTest -->
