<?xml version="1.0" encoding="UTF-8"?>
<!-- Generated by org.testng.reporters.JUnitReportReporter -->
<testsuite hostname="SSCPLUSL043" failures="0" tests="1" name="com.qa.houpermitproject.tests.Rhythm_ApplyMechPerWithAEorARlicenseTest" time="61.392" errors="0" timestamp="2023-07-24T09:16:49 CDT" skipped="0">
  <testcase classname="com.qa.houpermitproject.tests.Rhythm_ApplyMechPerWithAEorARlicenseTest" name="applyMechPerWithARorAElicneseTest" time="61.392">
    <system-out>
      <![CDATA[Confirmation Number :MECS2985]]>
    </system-out>
  </testcase> <!-- applyMechPerWithARorAElicneseTest -->
  <system-out>
    <![CDATA[Confirmation Number :MECS2985]]>
  </system-out>
</testsuite> <!-- com.qa.houpermitproject.tests.Rhythm_ApplyMechPerWithAEorARlicenseTest -->
