<?xml version="1.0" encoding="UTF-8"?>
<!-- Generated by org.testng.reporters.JUnitReportReporter -->
<testsuite hostname="SSCPLUSL043" failures="0" tests="2" name="com.qa.houpermitproject.tests.CreateProfileTest" time="11.472" errors="0" timestamp="2023-06-30T14:02:48 CDT" skipped="1">
  <testcase classname="com.qa.houpermitproject.tests.CreateProfileTest" name="createIndividualProfile" time="11.472">
    <system-out>
      <![CDATA[Account creation message: Your account has been successfully created.]]>
    </system-out>
  </testcase> <!-- createIndividualProfile -->
  <testcase classname="com.qa.houpermitproject.tests.CreateProfileTest" name="createCompanyProfile">
    <skipped/>
  </testcase> <!-- createCompanyProfile -->
  <system-out>
    <![CDATA[Account creation message: Your account has been successfully created.]]>
  </system-out>
</testsuite> <!-- com.qa.houpermitproject.tests.CreateProfileTest -->
