<?xml version="1.0" encoding="UTF-8"?>
<!-- Generated by org.testng.reporters.JUnitReportReporter -->
<testsuite hostname="SSCPLUSL043" failures="0" tests="1" name="com.qa.houpermitproject.tests.ExpirePermitProcessTest" time="17.427" errors="0" timestamp="2023-07-21T12:50:40 CDT" skipped="0">
  <testcase classname="com.qa.houpermitproject.tests.ExpirePermitProcessTest" name="expirePerProcess" time="17.427"/>
</testsuite> <!-- com.qa.houpermitproject.tests.ExpirePermitProcessTest -->
