<?xml version="1.0" encoding="UTF-8"?>
<!-- Generated by org.testng.reporters.JUnitReportReporter -->
<testsuite hostname="SSCPLUSL043" failures="0" tests="2" name="com.qa.houpermitproject.tests.ElectricalPermitTest" time="66.378" errors="0" timestamp="2023-06-29T09:58:05 CDT" skipped="0">
  <testcase classname="com.qa.houpermitproject.tests.ElectricalPermitTest" name="electricalPermitTest" time="33.459">
    <system-out>
      <![CDATA[Confirmation Number: ELEC1262]]>
    </system-out>
  </testcase> <!-- electricalPermitTest -->
  <testcase classname="com.qa.houpermitproject.tests.ElectricalPermitTest" name="electricalPermitTest" time="32.919">
    <system-out>
      <![CDATA[Confirmation Number: ELEC1263]]>
    </system-out>
  </testcase> <!-- electricalPermitTest -->
  <system-out>
    <![CDATA[User Name:m.nath@sierradigitalinc.comand Password :Sierra@2023
<a href='C:\Users\m.nath@sierradigitalinc.com\eclipse-workspace\HouPerPro\target\surefire-reports\failure_screenshots\verifyLoginToHouPerSiteTest_29_06_2023_09_56_55.png'> <img src='C:\Users\m.nath@sierradigitalinc.com\eclipse-workspace\HouPerPro\target\surefire-reports\failure_screenshots\verifyLoginToHouPerSiteTest_29_06_2023_09_56_55.png' height='100' width='100'/> </a>
Confirmation Number: ELEC1262
Confirmation Number: ELEC1263]]>
  </system-out>
</testsuite> <!-- com.qa.houpermitproject.tests.ElectricalPermitTest -->
