<?xml version="1.0" encoding="UTF-8"?>
<!-- Generated by org.testng.reporters.JUnitReportReporter -->
<testsuite hostname="SSCPLUSL043" failures="0" tests="1" name="com.qa.houpermitproject.pages.TriggerTradeLicenseRenewal" time="165.823" errors="0" timestamp="2023-07-19T13:24:49 CDT" skipped="0">
  <testcase classname="com.qa.houpermitproject.pages.TriggerTradeLicenseRenewal" name="triggerTLRenewal" time="165.823"/>
</testsuite> <!-- com.qa.houpermitproject.pages.TriggerTradeLicenseRenewal -->
