<?xml version="1.0" encoding="UTF-8"?>
<!-- Generated by org.testng.reporters.JUnitReportReporter -->
<testsuite hostname="SSCPLUSL043" failures="0" tests="1" name="com.qa.houpermitproject.tests.MultipleValuesRetursTest" time="38.965" errors="0" timestamp="2023-07-17T08:49:15 CDT" skipped="0">
  <testcase classname="com.qa.houpermitproject.tests.MultipleValuesRetursTest" name="displayMultipleValidationsTest" time="38.965">
    <system-out>
      <![CDATA[Infor homepage header is: My Infor
Pre-screen milestone message is: Current milestone is Pre-Screen Review.
Work Type is: HVAC
Occupancy Type is: ResSng
Applicataion Name is: Test Application]]>
    </system-out>
  </testcase> <!-- displayMultipleValidationsTest -->
  <system-out>
    <![CDATA[Infor homepage header is: My Infor
Pre-screen milestone message is: Current milestone is Pre-Screen Review.
Work Type is: HVAC
Occupancy Type is: ResSng
Applicataion Name is: Test Application]]>
  </system-out>
</testsuite> <!-- com.qa.houpermitproject.tests.MultipleValuesRetursTest -->
