<?xml version="1.0" encoding="UTF-8"?>
<!-- Generated by org.testng.reporters.JUnitReportReporter -->
<testsuite hostname="SSCPLUSL043" failures="0" tests="1" name="com.qa.houpermitproject.pages.CreateProfile" time="10.120" errors="0" timestamp="2023-06-30T11:13:15 CDT" skipped="0">
  <testcase classname="com.qa.houpermitproject.pages.CreateProfile" name="setupProfile" time="10.120"/>
</testsuite> <!-- com.qa.houpermitproject.pages.CreateProfile -->
