<?xml version="1.0" encoding="UTF-8"?>
<!-- Generated by org.testng.reporters.JUnitReportReporter -->
<testsuite hostname="SSCPLUSL043" failures="0" tests="1" name="com.qa.houpermitproject.tests.TriggerTradeLicenseRenewalTest" time="83.011" errors="0" timestamp="2023-07-19T15:18:42 CDT" skipped="0">
  <testcase classname="com.qa.houpermitproject.tests.TriggerTradeLicenseRenewalTest" name="renewTradeLicenseTest" time="83.011"/>
</testsuite> <!-- com.qa.houpermitproject.tests.TriggerTradeLicenseRenewalTest -->
