<?xml version="1.0" encoding="UTF-8"?>
<!-- Generated by org.testng.reporters.JUnitReportReporter -->
<testsuite hostname="SSCPLUSL043" failures="0" tests="1" name="com.qa.houpermitproject.pages.ExpirePermitProcess" time="15.788" errors="0" timestamp="2023-07-21T10:01:17 CDT" skipped="0">
  <testcase classname="com.qa.houpermitproject.pages.ExpirePermitProcess" name="expirepermit" time="15.788"/>
</testsuite> <!-- com.qa.houpermitproject.pages.ExpirePermitProcess -->
