<?xml version="1.0" encoding="UTF-8"?>
<!-- Generated by org.testng.reporters.JUnitReportReporter -->
<testsuite hostname="SSCPLUSL030" failures="0" tests="1" name="com.qa.houpermitproject.tests.LoginPage_HouPerTest" time="13.784" errors="0" timestamp="2023-07-25T10:28:31 CDT" skipped="0">
  <testcase classname="com.qa.houpermitproject.tests.LoginPage_HouPerTest" name="verifyLoginToHouPerSiteTest" time="13.784">
    <system-out>
      <![CDATA[User Name:m.nath@sierradigitalinc.comand Password :Sierra@2023]]>
    </system-out>
  </testcase> <!-- verifyLoginToHouPerSiteTest -->
  <system-out>
    <![CDATA[User Name:m.nath@sierradigitalinc.comand Password :Sierra@2023]]>
  </system-out>
</testsuite> <!-- com.qa.houpermitproject.tests.LoginPage_HouPerTest -->
