<?xml version="1.0" encoding="UTF-8"?>
<!-- Generated by org.testng.reporters.JUnitReportReporter -->
<testsuite hostname="SSCPLUSL043" failures="1" tests="16" name="com.qa.houpermitproject.tests.Rythm_MechanicalPermitSubmitTest" time="908.303" errors="0" timestamp="2023-07-19T09:50:55 CDT" skipped="0">
  <testcase classname="com.qa.houpermitproject.tests.Rythm_MechanicalPermitSubmitTest" name="applyForMechaniclPermit" time="58.720">
    <system-out>
      <![CDATA[Confirmation Number: MECS2894]]>
    </system-out>
  </testcase> <!-- applyForMechaniclPermit -->
  <testcase classname="com.qa.houpermitproject.tests.Rythm_MechanicalPermitSubmitTest" name="applyForMechaniclPermit" time="59.621">
    <system-out>
      <![CDATA[Confirmation Number: MECS2902]]>
    </system-out>
  </testcase> <!-- applyForMechaniclPermit -->
  <testcase classname="com.qa.houpermitproject.tests.Rythm_MechanicalPermitSubmitTest" name="applyForMechaniclPermit" time="58.401">
    <system-out>
      <![CDATA[Confirmation Number: MECS2900]]>
    </system-out>
  </testcase> <!-- applyForMechaniclPermit -->
  <testcase classname="com.qa.houpermitproject.tests.Rythm_MechanicalPermitSubmitTest" name="applyForMechaniclPermit" time="58.384">
    <system-out>
      <![CDATA[Confirmation Number: MECS2901]]>
    </system-out>
  </testcase> <!-- applyForMechaniclPermit -->
  <testcase classname="com.qa.houpermitproject.tests.Rythm_MechanicalPermitSubmitTest" name="applyForMechaniclPermit" time="58.498">
    <system-out>
      <![CDATA[Confirmation Number: MECS2907]]>
    </system-out>
  </testcase> <!-- applyForMechaniclPermit -->
  <testcase classname="com.qa.houpermitproject.tests.Rythm_MechanicalPermitSubmitTest" name="applyForMechaniclPermit" time="59.851">
    <system-out>
      <![CDATA[Confirmation Number: MECS2898]]>
    </system-out>
  </testcase> <!-- applyForMechaniclPermit -->
  <testcase classname="com.qa.houpermitproject.tests.Rythm_MechanicalPermitSubmitTest" name="applyForMechaniclPermit" time="58.521">
    <system-out>
      <![CDATA[Confirmation Number: MECS2906]]>
    </system-out>
  </testcase> <!-- applyForMechaniclPermit -->
  <testcase classname="com.qa.houpermitproject.tests.Rythm_MechanicalPermitSubmitTest" name="applyForMechaniclPermit" time="60.131">
    <system-out>
      <![CDATA[Confirmation Number: MECS2903]]>
    </system-out>
  </testcase> <!-- applyForMechaniclPermit -->
  <testcase classname="com.qa.houpermitproject.tests.Rythm_MechanicalPermitSubmitTest" name="applyForMechaniclPermit" time="60.191">
    <system-out>
      <![CDATA[Confirmation Number: MECS2899]]>
    </system-out>
  </testcase> <!-- applyForMechaniclPermit -->
  <testcase classname="com.qa.houpermitproject.tests.Rythm_MechanicalPermitSubmitTest" name="applyForMechaniclPermit" time="59.687">
    <system-out>
      <![CDATA[Confirmation Number: MECS2896]]>
    </system-out>
  </testcase> <!-- applyForMechaniclPermit -->
  <testcase classname="com.qa.houpermitproject.tests.Rythm_MechanicalPermitSubmitTest" name="applyForMechaniclPermit" time="58.625">
    <system-out>
      <![CDATA[Confirmation Number: MECS2905]]>
    </system-out>
  </testcase> <!-- applyForMechaniclPermit -->
  <testcase classname="com.qa.houpermitproject.tests.Rythm_MechanicalPermitSubmitTest" name="applyForMechaniclPermit" time="58.247">
    <system-out>
      <![CDATA[Confirmation Number: MECS2904]]>
    </system-out>
  </testcase> <!-- applyForMechaniclPermit -->
  <testcase classname="com.qa.houpermitproject.tests.Rythm_MechanicalPermitSubmitTest" name="applyForMechaniclPermit" time="59.671">
    <system-out>
      <![CDATA[Confirmation Number: MECS2897]]>
    </system-out>
  </testcase> <!-- applyForMechaniclPermit -->
  <testcase classname="com.qa.houpermitproject.tests.Rythm_MechanicalPermitSubmitTest" name="applyForMechaniclPermit" time="60.187">
    <system-out>
      <![CDATA[Confirmation Number: MECS2895]]>
    </system-out>
  </testcase> <!-- applyForMechaniclPermit -->
  <testcase classname="com.qa.houpermitproject.tests.Rythm_MechanicalPermitSubmitTest" name="applyForMechaniclPermit" time="61.599">
    <system-out>
      <![CDATA[Confirmation Number: MECS2893]]>
    </system-out>
  </testcase> <!-- applyForMechaniclPermit -->
  <testcase classname="com.qa.houpermitproject.tests.Rythm_MechanicalPermitSubmitTest" name="applyForMechaniclPermit" time="17.969">
    <failure message="expected object to not be null" type="java.lang.AssertionError">
      <![CDATA[java.lang.AssertionError: expected object to not be null
at org.testng.Assert.fail(Assert.java:111)
at org.testng.Assert.assertNotNull(Assert.java:1484)
at org.testng.Assert.assertNotNull(Assert.java:1468)
at com.qa.houpermitproject.tests.Rythm_MechanicalPermitSubmitTest.applyForMechaniclPermit(Rythm_MechanicalPermitSubmitTest.java:39)
at java.base/jdk.internal.reflect.NativeMethodAccessorImpl.invoke0(Native Method)
at java.base/jdk.internal.reflect.NativeMethodAccessorImpl.invoke(NativeMethodAccessorImpl.java:77)
at java.base/jdk.internal.reflect.DelegatingMethodAccessorImpl.invoke(DelegatingMethodAccessorImpl.java:43)
at java.base/java.lang.reflect.Method.invoke(Method.java:568)
at org.testng.internal.invokers.MethodInvocationHelper.invokeMethod(MethodInvocationHelper.java:139)
at org.testng.internal.invokers.TestInvoker.invokeMethod(TestInvoker.java:664)
at org.testng.internal.invokers.TestInvoker.invokeTestMethod(TestInvoker.java:227)
at org.testng.internal.invokers.MethodRunner.runInSequence(MethodRunner.java:50)
at org.testng.internal.invokers.TestInvoker$MethodInvocationAgent.invoke(TestInvoker.java:957)
at org.testng.internal.invokers.TestInvoker.invokeTestMethods(TestInvoker.java:200)
at org.testng.internal.invokers.TestMethodWorker.invokeTestMethods(TestMethodWorker.java:148)
at org.testng.internal.invokers.TestMethodWorker.run(TestMethodWorker.java:128)
at java.base/java.util.ArrayList.forEach(ArrayList.java:1511)
at org.testng.TestRunner.privateRun(TestRunner.java:848)
at org.testng.TestRunner.run(TestRunner.java:621)
at org.testng.SuiteRunner.runTest(SuiteRunner.java:443)
at org.testng.SuiteRunner.runSequentially(SuiteRunner.java:437)
at org.testng.SuiteRunner.privateRun(SuiteRunner.java:397)
at org.testng.SuiteRunner.run(SuiteRunner.java:336)
at org.testng.SuiteRunnerWorker.runSuite(SuiteRunnerWorker.java:52)
at org.testng.SuiteRunnerWorker.run(SuiteRunnerWorker.java:95)
at org.testng.TestNG.runSuitesSequentially(TestNG.java:1280)
at org.testng.TestNG.runSuitesLocally(TestNG.java:1200)
at org.testng.TestNG.runSuites(TestNG.java:1114)
at org.testng.TestNG.run(TestNG.java:1082)
at org.testng.remote.AbstractRemoteTestNG.run(AbstractRemoteTestNG.java:115)
at org.testng.remote.RemoteTestNG.initAndRun(RemoteTestNG.java:251)
at org.testng.remote.RemoteTestNG.main(RemoteTestNG.java:77)
]]>
    </failure>
    <system-out>
      <![CDATA[<a href='C:\Users\m.nath@sierradigitalinc.com\eclipse-workspace\HouPerPro\target\surefire-reports\failure_screenshots\applyForMechaniclPermit_19_07_2023_09_38_02.png'> <img src='C:\Users\m.nath@sierradigitalinc.com\eclipse-workspace\HouPerPro\target\surefire-reports\failure_screenshots\applyForMechaniclPermit_19_07_2023_09_38_02.png' height='100' width='100'/> </a>]]>
    </system-out>
  </testcase> <!-- applyForMechaniclPermit -->
  <system-out>
    <![CDATA[Confirmation Number: MECS2893
Confirmation Number: MECS2894
<a href='C:\Users\m.nath@sierradigitalinc.com\eclipse-workspace\HouPerPro\target\surefire-reports\failure_screenshots\applyForMechaniclPermit_19_07_2023_09_38_02.png'> <img src='C:\Users\m.nath@sierradigitalinc.com\eclipse-workspace\HouPerPro\target\surefire-reports\failure_screenshots\applyForMechaniclPermit_19_07_2023_09_38_02.png' height='100' width='100'/> </a>
Confirmation Number: MECS2895
Confirmation Number: MECS2896
Confirmation Number: MECS2897
Confirmation Number: MECS2898
Confirmation Number: MECS2899
Confirmation Number: MECS2900
Confirmation Number: MECS2901
Confirmation Number: MECS2902
Confirmation Number: MECS2903
Confirmation Number: MECS2904
Confirmation Number: MECS2905
Confirmation Number: MECS2906
Confirmation Number: MECS2907]]>
  </system-out>
</testsuite> <!-- com.qa.houpermitproject.tests.Rythm_MechanicalPermitSubmitTest -->
