<?xml version="1.0" encoding="UTF-8"?>
<!-- Generated by org.testng.reporters.JUnitReportReporter -->
<testsuite skipped="0" hostname="SSCPLUSL043" name="com.qa.houpermitproject.tests.LoginPage_HouPerTest" tests="1" failures="0" timestamp="30 Jun 2023 19:45:24 GMT" time="15.752" errors="0">
  <testcase name="verifyLoginToHouPerSiteTest" time="15.752" classname="com.qa.houpermitproject.tests.LoginPage_HouPerTest"/>
</testsuite> <!-- com.qa.houpermitproject.tests.LoginPage_HouPerTest -->
