<?xml version="1.0" encoding="UTF-8"?>
<!-- Generated by org.testng.reporters.JUnitReportReporter -->
<testsuite skipped="0" hostname="SSCPLUSL043" name="com.qa.houperpro.tests.HomePageTest" tests="2" failures="0" timestamp="20 Jun 2023 19:49:25 GMT" time="19.781" errors="0">
  <testcase name="verifyEmailAddressFieldTest" time="9.860" classname="com.qa.houperpro.tests.HomePageTest"/>
  <testcase name="verifyPasswordFieldTest" time="9.921" classname="com.qa.houperpro.tests.HomePageTest"/>
</testsuite> <!-- com.qa.houperpro.tests.HomePageTest -->
